1
 *****************************************************************************************************************************
 *****************************************************************************************************************************
 **************************************************                         **************************************************
 **************************************************          GOSIA          **************************************************
 **************************************************                         **************************************************
 *****************************************************************************************************************************
 *****************************************************************************************************************************





                    ROCHESTER COULOMB EXCITATION DATA ANALYSIS CODE BY T.CZOSNYKA,D.CLINE AND C.Y.WU
                                                  LATEST REVISION- JUNE  2006






          78Kr + 208Pb @ 304 MeV beam excitation                                          
          ----------------------------------------------------------------------------------------------------

                                        LEVELS

     INDEX     PARITY         SPIN           ENERGY(MEV)
       1           +           0.0            0.0000
       2           +           2.0            0.4550

                                        MATRIX ELEMENTS


     MULTIPOLARITY=2
    INDEX   NF     NS          ME               LIMITS
       1      1      2        0.83200        0.60000        1.00000


        4 EXPERIMENTAL YIELDS            1 MATRIX ELEMENTS TO BE VARIED








     INTEGRATED RUTHERFORD CROSS SECTION=.3871E+05  FOR EXP. 1





                                                  INTEGRATED YIELDS

     EXPERIMENT  1  DETECTOR  1
     ENERGY RANGE  286.000--- 304.000 MEV   SCATTERING ANGLE RANGE  20.000--- 38.000 DEG

     NI     NF     II     IF     YIELD     NORMALIZED YIELD

      2      1    2.0    0.0   0.33031E+03   0.10000E+01





     INTEGRATED RUTHERFORD CROSS SECTION=.5881E+04  FOR EXP. 2





                                                  INTEGRATED YIELDS

     EXPERIMENT  2  DETECTOR  1
     ENERGY RANGE  286.000--- 304.000 MEV   SCATTERING ANGLE RANGE  38.000--- 49.000 DEG

     NI     NF     II     IF     YIELD     NORMALIZED YIELD

      2      1    2.0    0.0   0.18866E+03   0.10000E+01





     INTEGRATED RUTHERFORD CROSS SECTION=.3767E+04  FOR EXP. 3





                                                  INTEGRATED YIELDS

     EXPERIMENT  3  DETECTOR  1
     ENERGY RANGE  286.000--- 304.000 MEV   SCATTERING ANGLE RANGE  62.000---121.000 DEG

     NI     NF     II     IF     YIELD     NORMALIZED YIELD

      2      1    2.0    0.0   0.24216E+03   0.10000E+01





     INTEGRATED RUTHERFORD CROSS SECTION=.2254E+03  FOR EXP. 4





                                                  INTEGRATED YIELDS

     EXPERIMENT  4  DETECTOR  1
     ENERGY RANGE  286.000--- 304.000 MEV   SCATTERING ANGLE RANGE 131.000---160.000 DEG

     NI     NF     II     IF     YIELD     NORMALIZED YIELD

      2      1    2.0    0.0   0.56473E+01   0.10000E+01



          EXPERIMENT  1        DETECTOR  1

         NI     NF     YEXP        YCOR        COR.F

        2        1   .274E+06    .274E+06    .100E+01



          EXPERIMENT  2        DETECTOR  1

         NI     NF     YEXP        YCOR        COR.F

        2        1   .171E+06    .271E+06    .158E+01



          EXPERIMENT  3        DETECTOR  1

         NI     NF     YEXP        YCOR        COR.F

        2        1   .203E+06    .453E+05    .223E+00



          EXPERIMENT  4        DETECTOR  1

         NI     NF     YEXP        YCOR        COR.F

        2        1   .129E+05    .724E+04    .561E+00
               ********* END OF EXECUTION **********
