1
 *****************************************************************************************************************************
 *****************************************************************************************************************************
 **************************************************                         **************************************************
 **************************************************          GOSIA          **************************************************
 **************************************************                         **************************************************
 *****************************************************************************************************************************
 *****************************************************************************************************************************





                    ROCHESTER COULOMB EXCITATION DATA ANALYSIS CODE BY T.CZOSNYKA,D.CLINE AND C.Y.WU
                                                  LATEST REVISION- JUNE  2006






          78Kr + 208Pb @ 304 MeV beam excitation                                          
          ----------------------------------------------------------------------------------------------------

                                        LEVELS

     INDEX     PARITY         SPIN           ENERGY(MEV)
       1           +           0.0            0.0000
       2           +           2.0            0.4550

                                        MATRIX ELEMENTS


     MULTIPOLARITY=2
    INDEX   NF     NS          ME               LIMITS
       1      1      2        0.83200        0.60000        1.00000


        4 EXPERIMENTAL YIELDS            1 MATRIX ELEMENTS TO BE VARIED






     *****  RESTART-MATRIX ELEMENTS OVERWRITTEN  *****




                                        MATRIX ELEMENTS


     MULTIPOLARITY=2
    INDEX   NF     NS          ME               LIMITS
       1      1      2        0.83200        0.60000        1.00000
     AT STEP     1 CHISQ CRITERION FULFILLED
     *** CHISQ= -0.341061E-12 ***
          EXPERIMENT  1
          D(LOG(Y)/D(LOG(ME))


   2-- 1     (  1  0.13E+01)   (  0  0.00E+00)   (  0  0.00E+00)   (  0  0.00E+00)   (  0  0.00E+00)   (  0  0.00E+00)
          EXPERIMENT  2
          D(LOG(Y)/D(LOG(ME))


   2-- 1     (  1  0.13E+01)   (  0  0.00E+00)   (  0  0.00E+00)   (  0  0.00E+00)   (  0  0.00E+00)   (  0  0.00E+00)
          EXPERIMENT  3
          D(LOG(Y)/D(LOG(ME))


   2-- 1     (  1  -.58E+00)   (  0  0.00E+00)   (  0  0.00E+00)   (  0  0.00E+00)   (  0  0.00E+00)   (  0  0.00E+00)
          EXPERIMENT  4
          D(LOG(Y)/D(LOG(ME))


   2-- 1     (  1  -.36E+01)   (  0  0.00E+00)   (  0  0.00E+00)   (  0  0.00E+00)   (  0  0.00E+00)   (  0  0.00E+00)


                    NORMALIZATION CONSTANTS

  EXPERIMENT     DETECTORS(1-32)
  1  0.4044E+07
  2  0.1260E+07
  3  0.1142E+06
  4  0.4866E+05


                    RECOMMENDED RELATIVE GE(LI) EFFICIENCIES

  EXPERIMENT
  1  0.1000E+01
  2  0.1000E+01
  3  0.1000E+01
  4  0.1000E+01


     CALCULATED AND EXPERIMENTAL YIELDS   EXPERIMENT  1 DETECTOR  1

      NI     NF       II        IF         ENERGY(MEV)      YCAL        YEXP       PC. DIFF.  (YE-YC)/SIGMA
       2      1        2.0       0.0         0.4550      .2739E+06      .2739E+06      0.0      0.0              

                                                  CHISQ SUBTOTAL =   0.000000E+00


     CALCULATED AND EXPERIMENTAL YIELDS   EXPERIMENT  2 DETECTOR  1

      NI     NF       II        IF         ENERGY(MEV)      YCAL        YEXP       PC. DIFF.  (YE-YC)/SIGMA
       2      1        2.0       0.0         0.4550      .2710E+06      .2710E+06      0.0      0.0              

                                                  CHISQ SUBTOTAL =   0.000000E+00


     CALCULATED AND EXPERIMENTAL YIELDS   EXPERIMENT  3 DETECTOR  1

      NI     NF       II        IF         ENERGY(MEV)      YCAL        YEXP       PC. DIFF.  (YE-YC)/SIGMA
       2      1        2.0       0.0         0.4550      .4532E+05      .4532E+05      0.0      0.0              

                                                  CHISQ SUBTOTAL =   0.000000E+00


     CALCULATED AND EXPERIMENTAL YIELDS   EXPERIMENT  4 DETECTOR  1

      NI     NF       II        IF         ENERGY(MEV)      YCAL        YEXP       PC. DIFF.  (YE-YC)/SIGMA
       2      1        2.0       0.0         0.4550      .7239E+04      .7239E+04      0.0      0.0              

                                                  CHISQ SUBTOTAL =   0.870116E-29


                    CALCULATED LIFETIMES

     LEVEL     LIFETIME(PSEC)     EXP        ERROR

        2       0.3010E+02

                                        MATRIX ELEMENTS


     MULTIPOLARITY=2
    INDEX   NF     NS          ME          PC CHANGE     RED. TRANS. PROB.
       1      1      2        0.83200        0.00000        0.13844   
               ********* END OF EXECUTION **********
