1
 *****************************************************************************************************************************
 *****************************************************************************************************************************
 **************************************************                         **************************************************
 **************************************************          GOSIA          **************************************************
 **************************************************                         **************************************************
 *****************************************************************************************************************************
 *****************************************************************************************************************************





                    ROCHESTER COULOMB EXCITATION DATA ANALYSIS CODE BY T.CZOSNYKA,D.CLINE AND C.Y.WU
                                                  LATEST REVISION- JUNE  2006






          78Kr + 208Pb @ 304 MeV beam excitation                                          
          ----------------------------------------------------------------------------------------------------

                                        LEVELS

     INDEX     PARITY         SPIN           ENERGY(MEV)
       1           +           0.0            0.0000
       2           +           2.0            0.4550

                                        MATRIX ELEMENTS


     MULTIPOLARITY=2
    INDEX   NF     NS          ME               LIMITS
       1      1      2        0.83200        0.60000        1.00000


        4 EXPERIMENTAL YIELDS            1 MATRIX ELEMENTS TO BE VARIED






     *****  RESTART-MATRIX ELEMENTS OVERWRITTEN  *****




                                        MATRIX ELEMENTS


     MULTIPOLARITY=2
    INDEX   NF     NS          ME               LIMITS
       1      1      2        0.83200        0.60000        1.00000



          ***** CENTRAL CHISQ=  0.0000E+00 *****


     ELM(  1)=  0.811200     CHISQ= -0.3411E-12
     ELM(  1)=  0.790400     CHISQ= -0.1137E-12
     ELM(  1)=  0.788320     CHISQ=  0.0000E+00
     ELM(  1)=  0.725920     CHISQ= -0.1137E-12
     ELM(  1)=  0.684320     CHISQ= -0.1137E-12
     ELM(  1)=  0.601120     CHISQ=  0.0000E+00
     ELM(  1)=  0.517920     CHISQ= -0.2274E-12
     ELM(  1)=  0.351520     CHISQ= -0.2274E-12
     ELM(  1)=  0.185120     CHISQ= -0.1137E-12
     ELM(  1)= -0.147680     CHISQ= -0.1137E-12
     ELM(  1)= -0.480480     CHISQ= -0.1137E-12
     ELM(  1)= -0.540240     CHISQ= -0.2274E-12
  Warning - matrix element   1 reset to  -0.600000
     ELM(  1)= -0.600000     CHISQ=  0.0000E+00
     WARNING-ME(  1)     INTEGRATION STOPPED AT THE LIMIT
     ELM(  1)=  0.852800     CHISQ= -0.1137E-12
     ELM(  1)=  0.873600     CHISQ= -0.1137E-12
     ELM(  1)=  0.956800     CHISQ= -0.3411E-12
     ELM(  1)=  0.978400     CHISQ= -0.2274E-12
     WARNING-ME(  1)     INTEGRATION STOPPED AT THE LIMIT



                                           DIAGONAL
                                        ESTIMATED ERRORS

     INDEX     NI     NF     ME AND ERRORS


        1       1      2       0.83200  ( -1.39411 ,  0.15431)...... -167.6 ,   18.5 PC



                                           DIAGONAL
                                        ESTIMATED ERRORS

     INDEX     NI     NF     B(E,ML)(OR QUADRUPOLE MOMENT) AND ERRORS


        1       2      1        0.13844  (  -0.13844 ,   0.05612)
               ********* END OF EXECUTION **********
